<?xml version="1.0" encoding="UTF-8"?>
<!-- Generated by org.testng.reporters.JUnitXMLReporter -->
<testsuite ignored="0" hostname="LAPTOP-A885U1BH" failures="0" tests="4" name="Regression" time="25.881" errors="0" timestamp="2022-05-10T22:10:48 EDT">
  <testcase classname="PageObjectModel.NewTest" name="f" time="12.43"/>
  <testcase classname="PageObjectModel.NewTest" name="TextVarificationMethod" time="2.402"/>
  <testcase classname="piit.AutomationTrainingProgram.Execution" name="Test2" time="0.001"/>
  <testcase classname="piit.AutomationTrainingProgram.Execution" name="f" time="0.001"/>
</testsuite> <!-- Regression -->
